[10-Apr-2017 04:26:48 UTC] PHP Fatal error:  Class 'App\Http\Controllers\Web\Controller' not found in D:\web\med-device\app\Http\Controllers\Web\HomeController.php on line 8
[10-Apr-2017 04:32:24 UTC] PHP Fatal error:  Class 'App\Http\Controllers\Web\Controller' not found in D:\web\med-device\app\Http\Controllers\Web\HomeController.php on line 8
[10-Apr-2017 07:28:24 UTC] PHP Fatal error:  Cannot redeclare App\Http\Controllers\Web\Personal\PersonalController::index() in D:\web\med-device\app\Http\Controllers\Web\Personal\PersonalController.php on line 39
[11-Apr-2017 07:32:27 UTC] PHP Fatal error:  Trait 'Illuminate\Foundation\Auth\AuthenticatesAndRegistersUsers' not found in D:\web\med-device\app\Http\Controllers\Admin\AuthController.php on line 13
[11-Apr-2017 07:32:37 UTC] PHP Fatal error:  Trait 'Illuminate\Foundation\Auth\AuthenticatesAndRegistersUsers' not found in D:\web\med-device\app\Http\Controllers\Admin\AuthController.php on line 13
[11-Apr-2017 07:35:55 UTC] PHP Fatal error:  Trait 'Illuminate\Foundation\Auth\AuthenticatesAndRegistersUsers' not found in D:\web\med-device\app\Http\Controllers\Admin\AuthController.php on line 13
[11-Apr-2017 07:35:57 UTC] PHP Fatal error:  Trait 'Illuminate\Foundation\Auth\AuthenticatesAndRegistersUsers' not found in D:\web\med-device\app\Http\Controllers\Admin\AuthController.php on line 13
[11-Apr-2017 07:44:05 UTC] PHP Fatal error:  Trait 'Illuminate\Foundation\Auth\AuthenticatesAndRegistersUsers' not found in D:\web\med-device\app\Http\Controllers\Admin\AuthController.php on line 13
[11-Apr-2017 07:47:02 UTC] PHP Fatal error:  Trait 'Illuminate\Foundation\Auth\AuthenticatesAndRegistersUsers' not found in D:\web\med-device\app\Http\Controllers\Admin\AuthController.php on line 13
[11-Apr-2017 07:47:28 UTC] PHP Fatal error:  Trait 'Illuminate\Foundation\Auth\AuthenticatesAndRegistersUsers' not found in D:\web\med-device\app\Http\Controllers\Admin\AuthController.php on line 13
[11-Apr-2017 07:54:05 UTC] PHP Fatal error:  Trait 'Illuminate\Foundation\Auth\AuthenticatesAndRegistersUsers' not found in D:\web\med-device\app\Http\Controllers\Admin\AuthController.php on line 13
[11-Apr-2017 07:57:59 UTC] PHP Fatal error:  Trait 'Illuminate\Foundation\Auth\AuthenticatesAndRegistersUsers' not found in D:\web\med-device\app\Http\Controllers\Admin\AuthController.php on line 13
[11-Apr-2017 07:58:02 UTC] PHP Fatal error:  Trait 'Illuminate\Foundation\Auth\AuthenticatesAndRegistersUsers' not found in D:\web\med-device\app\Http\Controllers\Admin\AuthController.php on line 13
[11-Apr-2017 07:59:34 UTC] PHP Fatal error:  Trait 'Illuminate\Foundation\Auth\AuthenticatesAndRegistersUsers' not found in D:\web\med-device\app\Http\Controllers\Admin\AuthController.php on line 13
[11-Apr-2017 07:59:35 UTC] PHP Fatal error:  Trait 'Illuminate\Foundation\Auth\AuthenticatesAndRegistersUsers' not found in D:\web\med-device\app\Http\Controllers\Admin\AuthController.php on line 13
[11-Apr-2017 08:02:43 UTC] PHP Fatal error:  Trait 'Illuminate\Foundation\Auth\AuthenticatesAndRegistersUsers' not found in D:\web\med-device\app\Http\Controllers\Admin\AuthController.php on line 13
[11-Apr-2017 08:03:18 UTC] PHP Fatal error:  Trait 'Illuminate\Foundation\Auth\AuthenticatesAndRegistersUsers' not found in D:\web\med-device\app\Http\Controllers\Admin\AuthController.php on line 13
[11-Apr-2017 08:03:19 UTC] PHP Fatal error:  Trait 'Illuminate\Foundation\Auth\AuthenticatesAndRegistersUsers' not found in D:\web\med-device\app\Http\Controllers\Admin\AuthController.php on line 13
[11-Apr-2017 08:03:19 UTC] PHP Fatal error:  Trait 'Illuminate\Foundation\Auth\AuthenticatesAndRegistersUsers' not found in D:\web\med-device\app\Http\Controllers\Admin\AuthController.php on line 13
[11-Apr-2017 08:07:57 UTC] PHP Fatal error:  Trait 'Illuminate\Foundation\Auth\AuthenticatesAndRegistersUsers' not found in D:\web\med-device\app\Http\Controllers\Admin\AuthController.php on line 13
[11-Apr-2017 08:08:19 UTC] PHP Fatal error:  Trait 'Illuminate\Foundation\Auth\AuthenticatesAndRegistersUsers' not found in D:\web\med-device\app\Http\Controllers\Admin\AuthController.php on line 13
[11-Apr-2017 08:08:20 UTC] PHP Fatal error:  Trait 'Illuminate\Foundation\Auth\AuthenticatesAndRegistersUsers' not found in D:\web\med-device\app\Http\Controllers\Admin\AuthController.php on line 13
[11-Apr-2017 08:08:31 UTC] PHP Fatal error:  Trait 'Illuminate\Foundation\Auth\AuthenticatesAndRegistersUsers' not found in D:\web\med-device\app\Http\Controllers\Admin\AuthController.php on line 13
[11-Apr-2017 08:11:17 UTC] PHP Fatal error:  Trait 'Illuminate\Foundation\Auth\AuthenticatesAndRegistersUsers' not found in D:\web\med-device\app\Http\Controllers\Admin\AuthController.php on line 14
[11-Apr-2017 08:11:18 UTC] PHP Fatal error:  Trait 'Illuminate\Foundation\Auth\AuthenticatesAndRegistersUsers' not found in D:\web\med-device\app\Http\Controllers\Admin\AuthController.php on line 14
[11-Apr-2017 08:11:18 UTC] PHP Fatal error:  Trait 'Illuminate\Foundation\Auth\AuthenticatesAndRegistersUsers' not found in D:\web\med-device\app\Http\Controllers\Admin\AuthController.php on line 14
[11-Apr-2017 08:11:18 UTC] PHP Fatal error:  Trait 'Illuminate\Foundation\Auth\AuthenticatesAndRegistersUsers' not found in D:\web\med-device\app\Http\Controllers\Admin\AuthController.php on line 14
[11-Apr-2017 08:11:18 UTC] PHP Fatal error:  Trait 'Illuminate\Foundation\Auth\AuthenticatesAndRegistersUsers' not found in D:\web\med-device\app\Http\Controllers\Admin\AuthController.php on line 14
[11-Apr-2017 08:11:19 UTC] PHP Fatal error:  Trait 'Illuminate\Foundation\Auth\AuthenticatesAndRegistersUsers' not found in D:\web\med-device\app\Http\Controllers\Admin\AuthController.php on line 14
[11-Apr-2017 08:11:19 UTC] PHP Fatal error:  Trait 'Illuminate\Foundation\Auth\AuthenticatesAndRegistersUsers' not found in D:\web\med-device\app\Http\Controllers\Admin\AuthController.php on line 14
[11-Apr-2017 08:11:19 UTC] PHP Fatal error:  Trait 'Illuminate\Foundation\Auth\AuthenticatesAndRegistersUsers' not found in D:\web\med-device\app\Http\Controllers\Admin\AuthController.php on line 14
[11-Apr-2017 08:11:29 UTC] PHP Fatal error:  Trait 'Illuminate\Foundation\Auth\AuthenticatesAndRegistersUsers' not found in D:\web\med-device\app\Http\Controllers\Admin\AuthController.php on line 13
[11-Apr-2017 08:11:30 UTC] PHP Fatal error:  Trait 'Illuminate\Foundation\Auth\AuthenticatesAndRegistersUsers' not found in D:\web\med-device\app\Http\Controllers\Admin\AuthController.php on line 13
[11-Apr-2017 08:11:30 UTC] PHP Fatal error:  Trait 'Illuminate\Foundation\Auth\AuthenticatesAndRegistersUsers' not found in D:\web\med-device\app\Http\Controllers\Admin\AuthController.php on line 13
[11-Apr-2017 08:11:30 UTC] PHP Fatal error:  Trait 'Illuminate\Foundation\Auth\AuthenticatesAndRegistersUsers' not found in D:\web\med-device\app\Http\Controllers\Admin\AuthController.php on line 13
[11-Apr-2017 08:11:30 UTC] PHP Fatal error:  Trait 'Illuminate\Foundation\Auth\AuthenticatesAndRegistersUsers' not found in D:\web\med-device\app\Http\Controllers\Admin\AuthController.php on line 13
[11-Apr-2017 08:11:30 UTC] PHP Fatal error:  Trait 'Illuminate\Foundation\Auth\AuthenticatesAndRegistersUsers' not found in D:\web\med-device\app\Http\Controllers\Admin\AuthController.php on line 13
[11-Apr-2017 08:11:31 UTC] PHP Fatal error:  Trait 'Illuminate\Foundation\Auth\AuthenticatesAndRegistersUsers' not found in D:\web\med-device\app\Http\Controllers\Admin\AuthController.php on line 13
[11-Apr-2017 08:11:31 UTC] PHP Fatal error:  Trait 'Illuminate\Foundation\Auth\AuthenticatesAndRegistersUsers' not found in D:\web\med-device\app\Http\Controllers\Admin\AuthController.php on line 13
[11-Apr-2017 08:18:05 UTC] PHP Fatal error:  Trait 'Illuminate\Foundation\Auth\AuthenticatesAndRegistersUsers' not found in D:\web\med-device\app\Http\Controllers\Admin\AuthController.php on line 13
[11-Apr-2017 08:18:08 UTC] PHP Fatal error:  Trait 'Illuminate\Foundation\Auth\AuthenticatesAndRegistersUsers' not found in D:\web\med-device\app\Http\Controllers\Admin\AuthController.php on line 13
[11-Apr-2017 08:18:51 UTC] PHP Fatal error:  Trait 'Illuminate\Foundation\Auth\AuthenticatesAndRegistersUsers' not found in D:\web\med-device\app\Http\Controllers\Admin\AuthController.php on line 13
[11-Apr-2017 08:18:53 UTC] PHP Fatal error:  Trait 'Illuminate\Foundation\Auth\AuthenticatesAndRegistersUsers' not found in D:\web\med-device\app\Http\Controllers\Admin\AuthController.php on line 13
[11-Apr-2017 08:19:05 UTC] PHP Fatal error:  Trait 'Illuminate\Foundation\Auth\AuthenticatesAndRegistersUsers' not found in D:\web\med-device\app\Http\Controllers\Admin\AuthController.php on line 13
[11-Apr-2017 08:19:06 UTC] PHP Fatal error:  Trait 'Illuminate\Foundation\Auth\AuthenticatesAndRegistersUsers' not found in D:\web\med-device\app\Http\Controllers\Admin\AuthController.php on line 13
[11-Apr-2017 08:19:35 UTC] PHP Fatal error:  Trait 'Illuminate\Foundation\Auth\AuthenticatesAndRegistersUsers' not found in D:\web\med-device\app\Http\Controllers\Admin\AuthController.php on line 13
[11-Apr-2017 08:19:37 UTC] PHP Fatal error:  Trait 'Illuminate\Foundation\Auth\AuthenticatesAndRegistersUsers' not found in D:\web\med-device\app\Http\Controllers\Admin\AuthController.php on line 13
[11-Apr-2017 08:38:55 UTC] PHP Fatal error:  Trait 'Illuminate\Foundation\Auth\AuthenticatesAndRegistersUsers' not found in D:\web\med-device\app\Http\Controllers\Admin\AuthController.php on line 18
[11-Apr-2017 09:36:14 UTC] PHP Fatal error:  Trait 'Illuminate\Foundation\Auth\AuthenticatesAndRegistersUsers' not found in D:\web\med-device\app\Http\Controllers\Auth\AuthControllerr.php on line 26
[12-Apr-2017 01:35:15 UTC] PHP Fatal error:  Trait method hasTooManyLoginAttempts has not been applied, because there are collisions with other trait methods on App\Http\Controllers\Auth\AuthController in D:\web\med-device\app\Http\Controllers\Auth\AuthControllerr.php on line 15
[12-Apr-2017 01:36:22 UTC] PHP Fatal error:  Trait method hasTooManyLoginAttempts has not been applied, because there are collisions with other trait methods on App\Http\Controllers\Auth\AuthController in D:\web\med-device\app\Http\Controllers\Auth\AuthControllerr.php on line 15
[12-Apr-2017 01:36:29 UTC] PHP Fatal error:  Trait method hasTooManyLoginAttempts has not been applied, because there are collisions with other trait methods on App\Http\Controllers\Auth\AuthController in D:\web\med-device\app\Http\Controllers\Auth\AuthControllerr.php on line 15
[12-Apr-2017 01:37:47 UTC] PHP Fatal error:  Trait method hasTooManyLoginAttempts has not been applied, because there are collisions with other trait methods on App\Http\Controllers\Auth\AuthController in D:\web\med-device\app\Http\Controllers\Auth\AuthControllerr.php on line 15
[12-Apr-2017 01:47:59 UTC] PHP Fatal error:  Trait method hasTooManyLoginAttempts has not been applied, because there are collisions with other trait methods on App\Http\Controllers\Auth\AuthController in D:\web\med-device\app\Http\Controllers\Auth\AuthControllerr.php on line 15
[12-Apr-2017 01:48:03 UTC] PHP Fatal error:  Trait method hasTooManyLoginAttempts has not been applied, because there are collisions with other trait methods on App\Http\Controllers\Auth\AuthController in D:\web\med-device\app\Http\Controllers\Auth\AuthControllerr.php on line 15
[12-Apr-2017 01:48:15 UTC] PHP Fatal error:  Trait method hasTooManyLoginAttempts has not been applied, because there are collisions with other trait methods on App\Http\Controllers\Auth\AuthController in D:\web\med-device\app\Http\Controllers\Auth\AuthControllerr.php on line 15
[12-Apr-2017 01:49:37 UTC] PHP Fatal error:  Trait method hasTooManyLoginAttempts has not been applied, because there are collisions with other trait methods on App\Http\Controllers\Auth\AuthController in D:\web\med-device\app\Http\Controllers\Auth\AuthControllerr.php on line 15
[12-Apr-2017 02:47:29 UTC] PHP Fatal error:  Trait method hasTooManyLoginAttempts has not been applied, because there are collisions with other trait methods on App\Http\Controllers\Admin\AuthController in D:\web\med-device\app\Http\Controllers\Admin\AuthController.php on line 15
[12-Apr-2017 02:48:40 UTC] PHP Fatal error:  Trait method hasTooManyLoginAttempts has not been applied, because there are collisions with other trait methods on App\Http\Controllers\Admin\AuthController in D:\web\med-device\app\Http\Controllers\Admin\AuthController.php on line 15
[12-Apr-2017 02:51:32 UTC] PHP Fatal error:  Trait 'App\Http\Controllers\Admin\AuthenticatesUsers' not found in D:\web\med-device\app\Http\Controllers\Admin\AuthController.php on line 16
[12-Apr-2017 03:16:50 UTC] PHP Fatal error:  Cannot use Illuminate\Contracts\Validation\Validator as Validator because the name is already in use in D:\web\med-device\app\Http\Controllers\Admin\AuthController.php on line 13
